<?xml version="1.0" encoding="UTF-8"?>
<!-- Generated by org.testng.reporters.JUnitReportReporter -->
<testsuite hostname="mechcl3pc029" failures="0" tests="1" name="com.inetBanking.testCases.TC_LoginTest" time="15.225" errors="0" timestamp="2022-08-13T13:32:30 IST" skipped="0">
  <testcase classname="com.inetBanking.testCases.TC_LoginTest" name="loginTest" time="15.225"/>
  <system-out/>
</testsuite> <!-- com.inetBanking.testCases.TC_LoginTest -->
