<?xml version="1.0" encoding="UTF-8"?>
<!-- Generated by org.testng.reporters.JUnitReportReporter -->
<testsuite hostname="mechcl3pc029" failures="0" tests="1" name="com.inetBanking.testCases.TC_LoginTest" time="9.054" errors="0" timestamp="2022-08-12T16:45:01 IST" skipped="0">
  <testcase classname="com.inetBanking.testCases.TC_LoginTest" name="loginTest" time="9.054"/>
  <system-out/>
</testsuite> <!-- com.inetBanking.testCases.TC_LoginTest -->
