<?xml version="1.0" encoding="UTF-8"?>
<!-- Generated by org.testng.reporters.JUnitReportReporter -->
<testsuite hostname="mechcl3pc029" failures="0" tests="1" name="com.inetBanking.testCases.BaseClass" time="27.589" errors="0" timestamp="2022-07-22T16:29:10 IST" skipped="0">
  <testcase classname="com.inetBanking.testCases.BaseClass" name="setUp" time="27.589"/>
  <system-out/>
</testsuite> <!-- com.inetBanking.testCases.BaseClass -->
