<?xml version="1.0" encoding="UTF-8"?>
<!-- Generated by org.testng.reporters.JUnitReportReporter -->
<testsuite hostname="mechcl3pc029" failures="0" tests="1" name="com.inetBanking.testCases.TC_LoginTest" time="13.754" errors="0" timestamp="2022-07-23T12:51:46 IST" skipped="0">
  <testcase classname="com.inetBanking.testCases.TC_LoginTest" name="loginTest" time="13.754"/>
  <system-out/>
</testsuite> <!-- com.inetBanking.testCases.TC_LoginTest -->
