<?xml version="1.0" encoding="UTF-8"?>
<!-- Generated by org.testng.reporters.JUnitReportReporter -->
<testsuite hostname="mechcl3pc029" failures="0" tests="1" name="com.inetBanking.utilities.ExtentReport" time="0.640" errors="0" timestamp="2022-08-03T16:25:16 IST" skipped="0">
  <testcase classname="com.inetBanking.utilities.ExtentReport" name="setTheme" time="0.640"/>
  <system-out/>
</testsuite> <!-- com.inetBanking.utilities.ExtentReport -->
